2015.09.18 18:39 B D:\AdvancedWebCOMP229\aman_profile.jpg --> studentweb.cencol.ca /aaujla5 aman_profile.jpg
2015.09.18 18:39 B D:\AdvancedWebCOMP229\Centennial-Logo.jpg --> studentweb.cencol.ca /aaujla5 Centennial-Logo.jpg
2015.09.18 18:39 B D:\AdvancedWebCOMP229\index.html --> studentweb.cencol.ca /aaujla5 index.html
2015.09.18 18:39 B D:\AdvancedWebCOMP229\content.css --> studentweb.cencol.ca /aaujla5 content.css
2015.09.18 18:40 B D:\AdvancedWebCOMP229\bk1.jpg --> studentweb.cencol.ca /aaujla5 bk1.jpg
2015.09.25 17:24 B D:\AdvancedWebCOMP229\bag1.jpg --> studentweb.cencol.ca /aaujla5 bag1.jpg
2015.09.25 17:25 B D:\AdvancedWebCOMP229\index.html --> studentweb.cencol.ca /aaujla5 index.html
2015.09.25 17:25 B D:\AdvancedWebCOMP229\main2.css --> studentweb.cencol.ca /aaujla5 main2.css
2015.09.25 17:25 B D:\AdvancedWebCOMP229\assignment2.html --> studentweb.cencol.ca /aaujla5 assignment2.html
2015.09.25 17:25 B D:\AdvancedWebCOMP229\Capture4.PNG --> studentweb.cencol.ca /aaujla5 Capture4.PNG
2015.09.25 17:25 B D:\AdvancedWebCOMP229\gucci_logo.jpg --> studentweb.cencol.ca /aaujla5 gucci_logo.jpg
2015.09.25 17:25 B D:\AdvancedWebCOMP229\logo.jpg --> studentweb.cencol.ca /aaujla5 logo.jpg
2015.10.02 16:56 B D:\AdvancedWebCOMP229\assignment3.html --> studentweb.cencol.ca /aaujla5 assignment3.html
2015.10.02 16:57 B D:\AdvancedWebCOMP229\index.html --> studentweb.cencol.ca /aaujla5 index.html
2015.10.02 16:57 B D:\AdvancedWebCOMP229\javascript3.js --> studentweb.cencol.ca /aaujla5 javascript3.js
2015.10.02 16:57 B D:\AdvancedWebCOMP229\main3.css --> studentweb.cencol.ca /aaujla5 main3.css
2015.10.02 16:57 B D:\AdvancedWebCOMP229\cent.jpg --> studentweb.cencol.ca /aaujla5 cent.jpg
2015.10.02 17:00 B D:\AdvancedWebCOMP229\centennial.jpg --> studentweb.cencol.ca /aaujla5 centennial.jpg
2015.10.02 17:07 B D:\AdvancedWebCOMP229\javascript3.js --> studentweb.cencol.ca /aaujla5 javascript3.js
2015.10.02 17:18 B D:\AdvancedWebCOMP229\javascript3.js --> studentweb.cencol.ca /aaujla5 javascript3.js
2015.10.02 17:52 B D:\AdvancedWebCOMP229\javascript3.js --> studentweb.cencol.ca /aaujla5 javascript3.js
2015.10.02 18:07 B D:\AdvancedWebCOMP229\javascript3.js --> studentweb.cencol.ca /aaujla5 javascript3.js
2015.10.02 19:31 B D:\AdvancedWebCOMP229\javascript3.js --> studentweb.cencol.ca /aaujla5 javascript3.js
2015.10.02 19:31 B D:\AdvancedWebCOMP229\assignment3.html --> studentweb.cencol.ca /aaujla5 assignment3.html
2015.10.23 16:35 B D:\AdvancedWebCOMP229\game.html --> studentweb.cencol.ca /aaujla5 game.html
2015.10.23 16:35 B D:\AdvancedWebCOMP229\game.css --> studentweb.cencol.ca /aaujla5 game.css
2015.10.23 16:36 B D:\AdvancedWebCOMP229\bleaves3.jpg --> studentweb.cencol.ca /aaujla5 bleaves3.jpg
2015.10.23 16:36 B D:\AdvancedWebCOMP229\leaves.png --> studentweb.cencol.ca /aaujla5 leaves.png
2015.10.23 16:37 B D:\AdvancedWebCOMP229\bug3.png --> studentweb.cencol.ca /aaujla5 bug3.png
2015.10.23 16:43 B D:\AdvancedWebCOMP229\index.html --> studentweb.cencol.ca /aaujla5 index.html
2015.10.23 16:45 B D:\AdvancedWebCOMP229\index.html --> studentweb.cencol.ca /aaujla5 index.html
2015.10.23 18:10 B D:\AdvancedWebCOMP229\index.html --> studentweb.cencol.ca /aaujla5 index.html
2015.10.23 18:40 B D:\AdvancedWebCOMP229\index.html --> studentweb.cencol.ca /aaujla5 index.html
2015.10.23 18:40 B D:\AdvancedWebCOMP229\diwali2.jpg --> studentweb.cencol.ca /aaujla5 diwali2.jpg
2015.10.30 14:17 B D:\AdvancedWebCOMP229\index.html --> studentweb.cencol.ca /aaujla5 index.html
2015.10.30 14:17 B D:\AdvancedWebCOMP229\PracticalTest.html --> studentweb.cencol.ca /aaujla5 PracticalTest.html
2015.10.30 14:17 B D:\AdvancedWebCOMP229\test.css --> studentweb.cencol.ca /aaujla5 test.css
2015.10.30 14:17 B D:\AdvancedWebCOMP229\car.jpg --> studentweb.cencol.ca /aaujla5 car.jpg
2015.10.30 14:34 B D:\AdvancedWebCOMP229\PracticalTest.html --> studentweb.cencol.ca /aaujla5 PracticalTest.html
2015.10.30 14:45 B D:\AdvancedWebCOMP229\PracticalTest.html --> studentweb.cencol.ca /aaujla5 PracticalTest.html
2015.10.30 14:48 B D:\AdvancedWebCOMP229\PracticalTest.html --> studentweb.cencol.ca /aaujla5 PracticalTest.html
2015.10.30 15:24 B D:\AdvancedWebCOMP229\PracticalTest.html --> studentweb.cencol.ca /aaujla5 PracticalTest.html
2015.11.09 16:20 B D:\AdvancedWebCOMP229\bleaves3.jpg --> studentweb.cencol.ca /aaujla5 bleaves3.jpg
2015.11.09 16:20 B D:\AdvancedWebCOMP229\thanks.html --> studentweb.cencol.ca /aaujla5 thanks.html
2015.11.09 16:20 B D:\AdvancedWebCOMP229\PracticalTest300823928.html --> studentweb.cencol.ca /aaujla5 PracticalTest300823928.html
2015.11.09 16:21 B D:\AdvancedWebCOMP229\PracticalTest.html --> studentweb.cencol.ca /aaujla5 PracticalTest.html
2015.11.09 16:21 B D:\AdvancedWebCOMP229\test.css --> studentweb.cencol.ca /aaujla5 test.css
2015.11.09 16:21 B D:\AdvancedWebCOMP229\index.html --> studentweb.cencol.ca /aaujla5 index.html
2015.11.09 17:18 B D:\AdvancedWebCOMP229\PracticalTest300823928.html --> studentweb.cencol.ca /aaujla5 PracticalTest300823928.html
2015.11.09 17:19 B D:\AdvancedWebCOMP229\PracticalTest300823928.html --> studentweb.cencol.ca /aaujla5 PracticalTest300823928.html
